<?xml version="1.0" encoding="UTF-8"?>
<!-- Generated by org.testng.reporters.JUnitXMLReporter -->
<testsuite ignored="0" hostname="DESKTOP-KNSVCQR" failures="1" tests="1" name="Default test(failed)" time="0.062" errors="0" timestamp="2021-12-03T18:29:11 IST">
  <testcase classname="GetData.Test2" name="Testt" time="0.011">
    <failure type="java.lang.Error" message="Unresolved compilation problem: 
	The method printlndede(String) is undefined for the type PrintStream
">
      <![CDATA[java.lang.Error: Unresolved compilation problem: 
The method printlndede(String) is undefined for the type PrintStream

at GetData.Test2.Testt(Test2.java:11)
at java.base/java.util.ArrayList.forEach(ArrayList.java:1541)
... Removed 27 stack frames]]>
    </failure>
  </testcase> <!-- Testt -->
</testsuite> <!-- Default test(failed) -->
